<?xml version="1.0" encoding="UTF-8"?>
<testng-results ignored="0" total="1" passed="1" failed="0" skipped="0">
  <reporter-output>
  </reporter-output>
  <suite started-at="2019-12-11T19:35:14 IST" name="Default suite" finished-at="2019-12-11T19:35:32 IST" duration-ms="18199">
    <groups>
    </groups>
    <test started-at="2019-12-11T19:35:14 IST" name="Default test" finished-at="2019-12-11T19:35:32 IST" duration-ms="18199">
      <class name="MvnProject.baseTest">
        <test-method signature="initializeDriver()[pri:0, instance:MvnProject.baseTest@4c39bec8]" started-at="2019-12-11T19:35:14 IST" name="initializeDriver" finished-at="2019-12-11T19:35:32 IST" duration-ms="18167" status="PASS">
          <reporter-output>
          </reporter-output>
        </test-method> <!-- initializeDriver -->
      </class> <!-- MvnProject.baseTest -->
    </test> <!-- Default test -->
  </suite> <!-- Default suite -->
</testng-results>
